TN:
SF:D:\codes\typescript\github\TS_sandbox\vue-ts-practice\src\main.ts
FN:11,(anonymous_0)
FNF:1
FNH:0
FNDA:0,(anonymous_0)
DA:1,0
DA:2,0
DA:3,0
DA:4,0
DA:6,0
DA:8,0
DA:11,0
LF:7
LH:0
BRF:0
BRH:0
end_of_record
TN:
SF:D:\codes\typescript\github\TS_sandbox\vue-ts-practice\src\components\InputForm.vue
FN:9,(anonymous_1)
FN:16,(anonymous_2)
FN:19,(anonymous_3)
FNF:3
FNH:3
FNDA:1,(anonymous_1)
FNDA:1,(anonymous_2)
FNDA:1,(anonymous_3)
DA:6,1
DA:9,2
DA:10,1
DA:13,1
DA:16,1
DA:20,1
LF:6
LH:6
BRF:0
BRH:0
end_of_record
TN:
SF:D:\codes\typescript\github\TS_sandbox\vue-ts-practice\src\components\SubmitButton.vue
FN:14,(anonymous_1)
FN:17,(anonymous_2)
FNF:2
FNH:2
FNDA:1,(anonymous_1)
FNDA:1,(anonymous_2)
DA:8,1
DA:11,2
DA:14,1
DA:18,1
LF:4
LH:4
BRF:0
BRH:0
end_of_record
TN:
SF:D:\codes\typescript\github\TS_sandbox\vue-ts-practice\src\components\TextArea.vue
FNF:0
FNH:0
DA:8,0
DA:11,0
DA:13,0
LF:3
LH:0
BRF:0
BRH:0
end_of_record
TN:
SF:D:\codes\typescript\github\TS_sandbox\vue-ts-practice\src\router\index.ts
FNF:0
FNH:0
DA:1,0
DA:2,0
DA:3,0
DA:5,0
DA:7,0
DA:16,0
DA:20,0
LF:7
LH:0
BRF:0
BRH:0
end_of_record
TN:
SF:D:\codes\typescript\github\TS_sandbox\vue-ts-practice\src\store\index.ts
FNF:0
FNH:0
DA:1,0
DA:2,0
DA:3,0
DA:5,0
DA:7,0
LF:5
LH:0
BRF:0
BRH:0
end_of_record
TN:
SF:D:\codes\typescript\github\TS_sandbox\vue-ts-practice\src\store\BCDice\actions.ts
FN:6,(anonymous_0)
FN:16,(anonymous_1)
FN:17,adding
FN:18,(anonymous_3)
FNF:4
FNH:0
FNDA:0,(anonymous_0)
FNDA:0,(anonymous_1)
FNDA:0,adding
FNDA:0,(anonymous_3)
DA:3,0
DA:5,0
DA:7,0
DA:9,0
DA:10,0
DA:11,0
DA:13,0
DA:18,0
DA:20,0
DA:23,0
LF:10
LH:0
BRDA:9,0,0,0
BRDA:9,0,1,0
BRF:2
BRH:0
end_of_record
TN:
SF:D:\codes\typescript\github\TS_sandbox\vue-ts-practice\src\store\BCDice\getters.ts
FN:5,(anonymous_0)
FN:8,(anonymous_1)
FN:8,(anonymous_2)
FN:9,(anonymous_3)
FNF:4
FNH:0
FNDA:0,(anonymous_0)
FNDA:0,(anonymous_1)
FNDA:0,(anonymous_2)
FNDA:0,(anonymous_3)
DA:4,0
DA:6,0
DA:8,0
DA:9,0
DA:10,0
DA:12,0
DA:15,0
LF:7
LH:0
BRF:0
BRH:0
end_of_record
TN:
SF:D:\codes\typescript\github\TS_sandbox\vue-ts-practice\src\store\BCDice\index.ts
FNF:0
FNH:0
DA:4,0
DA:5,0
DA:6,0
DA:8,0
DA:12,0
LF:5
LH:0
BRF:0
BRH:0
end_of_record
TN:
SF:D:\codes\typescript\github\TS_sandbox\vue-ts-practice\src\store\BCDice\mutations.ts
FN:5,(anonymous_0)
FN:12,(anonymous_1)
FN:20,(anonymous_2)
FNF:3
FNH:0
FNDA:0,(anonymous_0)
FNDA:0,(anonymous_1)
FNDA:0,(anonymous_2)
DA:4,0
DA:6,0
DA:7,0
DA:9,0
DA:13,0
DA:14,0
DA:16,0
DA:17,0
DA:21,0
DA:26,0
DA:27,0
DA:30,0
LF:12
LH:0
BRDA:6,0,0,0
BRDA:6,0,1,0
BRDA:13,1,0,0
BRDA:13,1,1,0
BRF:4
BRH:0
end_of_record
TN:
SF:D:\codes\typescript\github\TS_sandbox\vue-ts-practice\src\views\BCDiceTest.vue
FN:30,(anonymous_1)
FN:38,(anonymous_2)
FN:42,(anonymous_3)
FNF:3
FNH:0
FNDA:0,(anonymous_1)
FNDA:0,(anonymous_2)
FNDA:0,(anonymous_3)
DA:17,0
DA:18,0
DA:19,0
DA:30,0
DA:31,0
DA:32,0
DA:33,0
DA:34,0
DA:36,0
DA:39,0
DA:43,0
DA:44,0
DA:45,0
DA:46,0
DA:48,0
DA:52,0
DA:53,0
DA:54,0
LF:18
LH:0
BRDA:44,0,0,0
BRDA:44,0,1,0
BRF:2
BRH:0
end_of_record
